<?xml version="1.0" encoding="UTF-8"?>
<!-- Generated by org.testng.reporters.JUnitXMLReporter -->
<testsuite hostname="win8" name="Default test" tests="3" failures="0" timestamp="3 Jun 2018 08:16:38 GMT" time="43.517" errors="0">
  <testcase name="createUserTest" time="0.015" classname="com.acttime.usertest.UserTest"/>
  <testcase name="modifyUserTest" time="0.003" classname="com.acttime.usertest.UserTest"/>
  <testcase name="searchUserTest" time="0.002" classname="com.acttime.usertest.UserTest"/>
</testsuite> <!-- Default test -->
